<?xml version="1.0" encoding="UTF-8"?>
<testsuite xmlns:xsi="http://www.w3.org/2001/XMLSchema-instance" xsi:noNamespaceSchemaLocation="https://maven.apache.org/surefire/maven-surefire-plugin/xsd/surefire-test-report-3.0.xsd" version="3.0" name="com.example.keepactivebackend.SecurityApplicationTests" time="15.368" tests="1" errors="0" skipped="0" failures="0">
  <properties>
[...]
</properties>
  <testcase name="contextLoads" classname="com.example.keepactivebackend.SecurityApplicationTests" time="1.511">
    <system-out><![CDATA[23:36:52.263 [main] INFO org.springframework.test.context.support.AnnotationConfigContextLoaderUtils -- Could not detect default configuration classes for test class [com.example.keepactivebackend.SecurityApplicationTests]: SecurityApplicationTests does not declare any static, non-private, non-final, nested classes annotated with @Configuration.
23:36:52.447 [main] INFO org.springframework.boot.test.context.SpringBootTestContextBootstrapper -- Found @SpringBootConfiguration com.example.keepactivebackend.KeepActiveBackend for test class com.example.keepactivebackend.SecurityApplicationTests

  .   ____          _            __ _ _
 /\\ / ___'_ __ _ _(_)_ __  __ _ \ \ \ \
( ( )\___ | '_ | '_| | '_ \/ _` | \ \ \ \
 \\/  ___)| |_)| | | | | || (_| |  ) ) ) )
  '  |____| .__|_| |_|_| |_\__, | / / / /
 =========|_|==============|___/=/_/_/_/
 :: Spring Boot ::                (v3.1.2)

2024-04-12T23:36:53.318+03:00  INFO 78686 --- [           main] c.e.k.SecurityApplicationTests           : Starting SecurityApplicationTests using Java 20.0.2 with PID 78686 (started by tibs in /home/tibs/Desktop/Tibz/Programming/projects/keep-active/keep-active-backend)
2024-04-12T23:36:53.321+03:00  INFO 78686 --- [           main] c.e.k.SecurityApplicationTests           : No active profile set, falling back to 1 default profile: "default"
2024-04-12T23:36:55.310+03:00  INFO 78686 --- [           main] .s.d.r.c.RepositoryConfigurationDelegate : Bootstrapping Spring Data JPA repositories in DEFAULT mode.
2024-04-12T23:36:55.598+03:00  INFO 78686 --- [           main] .s.d.r.c.RepositoryConfigurationDelegate : Finished Spring Data repository scanning in 275 ms. Found 4 JPA repository interfaces.
2024-04-12T23:36:56.823+03:00  INFO 78686 --- [           main] o.hibernate.jpa.internal.util.LogHelper  : HHH000204: Processing PersistenceUnitInfo [name: default]
2024-04-12T23:36:56.928+03:00  INFO 78686 --- [           main] org.hibernate.Version                    : HHH000412: Hibernate ORM core version 6.2.6.Final
2024-04-12T23:36:56.932+03:00  INFO 78686 --- [           main] org.hibernate.cfg.Environment            : HHH000406: Using bytecode reflection optimizer
2024-04-12T23:36:57.308+03:00  INFO 78686 --- [           main] o.h.b.i.BytecodeProviderInitiator        : HHH000021: Bytecode provider name : bytebuddy
2024-04-12T23:36:57.615+03:00  INFO 78686 --- [           main] o.s.o.j.p.SpringPersistenceUnitInfo      : No LoadTimeWeaver setup: ignoring JPA class transformer
2024-04-12T23:36:57.651+03:00  INFO 78686 --- [           main] com.zaxxer.hikari.HikariDataSource       : HikariPool-1 - Starting...
2024-04-12T23:36:58.432+03:00  INFO 78686 --- [           main] com.zaxxer.hikari.pool.HikariPool        : HikariPool-1 - Added connection org.postgresql.jdbc.PgConnection@26c59348
2024-04-12T23:36:58.434+03:00  INFO 78686 --- [           main] com.zaxxer.hikari.HikariDataSource       : HikariPool-1 - Start completed.
2024-04-12T23:36:59.012+03:00  INFO 78686 --- [           main] o.h.b.i.BytecodeProviderInitiator        : HHH000021: Bytecode provider name : bytebuddy
2024-04-12T23:37:00.389+03:00  INFO 78686 --- [           main] o.h.e.t.j.p.i.JtaPlatformInitiator       : HHH000490: Using JtaPlatform implementation: [org.hibernate.engine.transaction.jta.platform.internal.NoJtaPlatform]
Hibernate: 
    alter table if exists _apps 
       alter column created_at set data type TIMESTAMP
Hibernate: 
    alter table if exists _apps 
       alter column updated_at set data type TIMESTAMP
Hibernate: 
    alter table if exists _requests 
       alter column created_at set data type TIMESTAMP
2024-04-12T23:37:00.553+03:00  INFO 78686 --- [           main] j.LocalContainerEntityManagerFactoryBean : Initialized JPA EntityManagerFactory for persistence unit 'default'
2024-04-12T23:37:01.497+03:00  INFO 78686 --- [           main] o.s.d.j.r.query.QueryEnhancerFactory     : Hibernate is in classpath; If applicable, HQL parser will be used.
Hibernate: 
    select
        a1_0.id,
        a1_0.app_name,
        a1_0.app_url,
        a1_0.created_at,
        a1_0.updated_at,
        a1_0.user_id 
    from
        _apps a1_0
Hibernate: 
    insert 
    into
        _requests
        (app_id,created_at,status) 
    values
        (?,?,?)
2024-04-12T23:37:03.743+03:00  WARN 78686 --- [           main] JpaBaseConfiguration$JpaWebConfiguration : spring.jpa.open-in-view is enabled by default. Therefore, database queries may be performed during view rendering. Explicitly configure spring.jpa.open-in-view to disable this warning
2024-04-12T23:37:04.658+03:00  INFO 78686 --- [           main] o.s.s.web.DefaultSecurityFilterChain     : Will secure any request with [org.springframework.security.web.session.DisableEncodeUrlFilter@4a04177e, org.springframework.security.web.context.request.async.WebAsyncManagerIntegrationFilter@70385eb1, org.springframework.security.web.context.SecurityContextHolderFilter@70b716a8, org.springframework.security.web.header.HeaderWriterFilter@4cfa6fd8, org.springframework.security.web.authentication.logout.LogoutFilter@2c492b03, com.example.keepactivebackend.config.JwtAuthenticationFilter@40c4b938, org.springframework.security.web.savedrequest.RequestCacheAwareFilter@2e1a8c1a, org.springframework.security.web.servletapi.SecurityContextHolderAwareRequestFilter@3fc736c4, org.springframework.security.web.authentication.AnonymousAuthenticationFilter@3a721396, org.springframework.security.web.session.SessionManagementFilter@4bf9f44b, org.springframework.security.web.access.ExceptionTranslationFilter@3201aadd, org.springframework.security.web.access.intercept.AuthorizationFilter@1ef48e49]
Hibernate: 
    insert 
    into
        _requests
        (app_id,created_at,status) 
    values
        (?,?,?)
Hibernate: 
    insert 
    into
        _requests
        (app_id,created_at,status) 
    values
        (?,?,?)
Hibernate: 
    insert 
    into
        _requests
        (app_id,created_at,status) 
    values
        (?,?,?)
Hibernate: 
    insert 
    into
        _requests
        (app_id,created_at,status) 
    values
        (?,?,?)
2024-04-12T23:37:05.728+03:00  INFO 78686 --- [           main] c.e.k.SecurityApplicationTests           : Started SecurityApplicationTests in 13.024 seconds (process running for 15.442)
Hibernate: 
    select
        a1_0.id,
        a1_0.app_name,
        a1_0.app_url,
        a1_0.created_at,
        a1_0.updated_at,
        a1_0.user_id 
    from
        _apps a1_0
Hibernate: 
    insert 
    into
        _requests
        (app_id,created_at,status) 
    values
        (?,?,?)
Hibernate: 
    insert 
    into
        _requests
        (app_id,created_at,status) 
    values
        (?,?,?)
Hibernate: 
    insert 
    into
        _requests
        (app_id,created_at,status) 
    values
        (?,?,?)
Hibernate: 
    insert 
    into
        _requests
        (app_id,created_at,status) 
    values
        (?,?,?)
Hibernate: 
    insert 
    into
        _requests
        (app_id,created_at,status) 
    values
        (?,?,?)
]]></system-out>
    <system-err><![CDATA[Error: finishConnect(..) failed: Connection refused: localhost/127.0.0.1:5000
Error: 404 NOT_FOUND
Error: 404 NOT_FOUND
Error: 404 NOT_FOUND
Error: 404 NOT_FOUND
Error: finishConnect(..) failed: Connection refused: localhost/127.0.0.1:5000
Error: 404 NOT_FOUND
Error: 404 NOT_FOUND
Error: 404 NOT_FOUND
Error: 404 NOT_FOUND
]]></system-err>
  </testcase>
</testsuite>