<?xml version="1.0" encoding="UTF-8"?>
<testsuite xmlns:xsi="http://www.w3.org/2001/XMLSchema-instance" xsi:noNamespaceSchemaLocation="https://maven.apache.org/surefire/maven-surefire-plugin/xsd/surefire-test-report-3.0.xsd" version="3.0" name="com.example.keepactivebackend.KeepActiveBackendApplicationTests" time="0.026" tests="1" errors="0" skipped="0" failures="0">
  <properties>
[...]
</properties>
  <testcase name="contextLoads" classname="com.example.keepactivebackend.KeepActiveBackendApplicationTests" time="0.01">
    <system-out><![CDATA[2024-04-12T23:37:07.286+03:00  INFO 78686 --- [           main] t.c.s.AnnotationConfigContextLoaderUtils : Could not detect default configuration classes for test class [com.example.keepactivebackend.KeepActiveBackendApplicationTests]: KeepActiveBackendApplicationTests does not declare any static, non-private, non-final, nested classes annotated with @Configuration.
2024-04-12T23:37:07.290+03:00  INFO 78686 --- [           main] .b.t.c.SpringBootTestContextBootstrapper : Found @SpringBootConfiguration com.example.keepactivebackend.KeepActiveBackend for test class com.example.keepactivebackend.KeepActiveBackendApplicationTests
]]></system-out>
  </testcase>
</testsuite>